{"E:\\NodeJs\\FinalUpdatedProject\\virtusa-project\\assessment-nodejs\\app.js": {"path":"E:\\NodeJs\\FinalUpdatedProject\\virtusa-project\\assessment-nodejs\\app.js","statementMap":{"0":{"start":{"line":2,"column":0},"end":{"line":2,"column":26}},"1":{"start":{"line":3,"column":14},"end":{"line":3,"column":32}},"2":{"start":{"line":4,"column":17},"end":{"line":4,"column":39}},"3":{"start":{"line":5,"column":15},"end":{"line":5,"column":45}},"4":{"start":{"line":6,"column":25},"end":{"line":21,"column":3}},"5":{"start":{"line":8,"column":8},"end":{"line":8,"column":50}},"6":{"start":{"line":9,"column":8},"end":{"line":9,"column":29}},"7":{"start":{"line":10,"column":8},"end":{"line":10,"column":22}},"8":{"start":{"line":11,"column":8},"end":{"line":11,"column":39}},"9":{"start":{"line":13,"column":4},"end":{"line":16,"column":6}},"10":{"start":{"line":14,"column":8},"end":{"line":14,"column":40}},"11":{"start":{"line":15,"column":8},"end":{"line":15,"column":65}},"12":{"start":{"line":17,"column":4},"end":{"line":19,"column":6}},"13":{"start":{"line":18,"column":8},"end":{"line":18,"column":24}},"14":{"start":{"line":20,"column":4},"end":{"line":20,"column":15}},"15":{"start":{"line":22,"column":0},"end":{"line":22,"column":25}}},"fnMap":{"0":{"name":"(anonymous_0)","decl":{"start":{"line":6,"column":25},"end":{"line":6,"column":26}},"loc":{"start":{"line":6,"column":37},"end":{"line":21,"column":1}},"line":6},"1":{"name":"App","decl":{"start":{"line":7,"column":13},"end":{"line":7,"column":16}},"loc":{"start":{"line":7,"column":19},"end":{"line":12,"column":5}},"line":7},"2":{"name":"(anonymous_2)","decl":{"start":{"line":13,"column":27},"end":{"line":13,"column":28}},"loc":{"start":{"line":13,"column":39},"end":{"line":16,"column":5}},"line":13},"3":{"name":"(anonymous_3)","decl":{"start":{"line":17,"column":30},"end":{"line":17,"column":31}},"loc":{"start":{"line":17,"column":42},"end":{"line":19,"column":5}},"line":17}},"branchMap":{},"s":{"0":2,"1":2,"2":2,"3":2,"4":2,"5":2,"6":2,"7":2,"8":2,"9":2,"10":2,"11":2,"12":2,"13":12,"14":2,"15":2},"f":{"0":2,"1":2,"2":2,"3":12},"b":{},"inputSourceMap":null,"_coverageSchema":"1a1c01bbd47fc00a2c39e90264f33305004495a9","hash":"19bc6e797fc63f3a6d72ac9aafe9dc8c9712b099"}
,"E:\\NodeJs\\FinalUpdatedProject\\virtusa-project\\assessment-nodejs\\src\\Controllers\\IndexController.js": {"path":"E:\\NodeJs\\FinalUpdatedProject\\virtusa-project\\assessment-nodejs\\src\\Controllers\\IndexController.js","statementMap":{"0":{"start":{"line":2,"column":0},"end":{"line":2,"column":26}},"1":{"start":{"line":3,"column":37},"end":{"line":15,"column":3}},"2":{"start":{"line":5,"column":8},"end":{"line":12,"column":10}},"3":{"start":{"line":6,"column":12},"end":{"line":11,"column":13}},"4":{"start":{"line":7,"column":16},"end":{"line":7,"column":36}},"5":{"start":{"line":10,"column":16},"end":{"line":10,"column":28}},"6":{"start":{"line":14,"column":4},"end":{"line":14,"column":27}},"7":{"start":{"line":16,"column":0},"end":{"line":16,"column":37}}},"fnMap":{"0":{"name":"(anonymous_0)","decl":{"start":{"line":3,"column":37},"end":{"line":3,"column":38}},"loc":{"start":{"line":3,"column":49},"end":{"line":15,"column":1}},"line":3},"1":{"name":"IndexController","decl":{"start":{"line":4,"column":13},"end":{"line":4,"column":28}},"loc":{"start":{"line":4,"column":31},"end":{"line":13,"column":5}},"line":4},"2":{"name":"(anonymous_2)","decl":{"start":{"line":5,"column":21},"end":{"line":5,"column":22}},"loc":{"start":{"line":5,"column":47},"end":{"line":12,"column":9}},"line":5}},"branchMap":{},"s":{"0":2,"1":2,"2":4,"3":0,"4":0,"5":0,"6":2,"7":2},"f":{"0":2,"1":4,"2":0},"b":{},"inputSourceMap":null,"_coverageSchema":"1a1c01bbd47fc00a2c39e90264f33305004495a9","hash":"03f646d27c8a756fab2d78869d2b18fae7e0b2e4"}
,"E:\\NodeJs\\FinalUpdatedProject\\virtusa-project\\assessment-nodejs\\src\\Controllers\\V1Controller.js": {"path":"E:\\NodeJs\\FinalUpdatedProject\\virtusa-project\\assessment-nodejs\\src\\Controllers\\V1Controller.js","statementMap":{"0":{"start":{"line":2,"column":0},"end":{"line":2,"column":26}},"1":{"start":{"line":3,"column":0},"end":{"line":3,"column":30}},"2":{"start":{"line":4,"column":18},"end":{"line":4,"column":50}},"3":{"start":{"line":5,"column":34},"end":{"line":28,"column":3}},"4":{"start":{"line":8,"column":4},"end":{"line":26,"column":6}},"5":{"start":{"line":9,"column":8},"end":{"line":20,"column":9}},"6":{"start":{"line":10,"column":12},"end":{"line":10,"column":28}},"7":{"start":{"line":11,"column":12},"end":{"line":11,"column":55}},"8":{"start":{"line":12,"column":12},"end":{"line":12,"column":33}},"9":{"start":{"line":13,"column":12},"end":{"line":13,"column":19}},"10":{"start":{"line":15,"column":13},"end":{"line":20,"column":9}},"11":{"start":{"line":16,"column":12},"end":{"line":16,"column":28}},"12":{"start":{"line":17,"column":12},"end":{"line":17,"column":73}},"13":{"start":{"line":18,"column":12},"end":{"line":18,"column":33}},"14":{"start":{"line":19,"column":12},"end":{"line":19,"column":19}},"15":{"start":{"line":21,"column":24},"end":{"line":21,"column":52}},"16":{"start":{"line":22,"column":19},"end":{"line":22,"column":56}},"17":{"start":{"line":23,"column":8},"end":{"line":23,"column":24}},"18":{"start":{"line":24,"column":8},"end":{"line":24,"column":32}},"19":{"start":{"line":25,"column":8},"end":{"line":25,"column":29}},"20":{"start":{"line":27,"column":4},"end":{"line":27,"column":24}},"21":{"start":{"line":29,"column":0},"end":{"line":29,"column":36}}},"fnMap":{"0":{"name":"(anonymous_0)","decl":{"start":{"line":5,"column":34},"end":{"line":5,"column":35}},"loc":{"start":{"line":5,"column":46},"end":{"line":28,"column":1}},"line":5},"1":{"name":"V1Controller","decl":{"start":{"line":6,"column":13},"end":{"line":6,"column":25}},"loc":{"start":{"line":6,"column":28},"end":{"line":7,"column":5}},"line":6},"2":{"name":"(anonymous_2)","decl":{"start":{"line":8,"column":35},"end":{"line":8,"column":36}},"loc":{"start":{"line":8,"column":55},"end":{"line":26,"column":5}},"line":8}},"branchMap":{"0":{"loc":{"start":{"line":9,"column":8},"end":{"line":20,"column":9}},"type":"if","locations":[{"start":{"line":9,"column":8},"end":{"line":20,"column":9}},{"start":{"line":9,"column":8},"end":{"line":20,"column":9}}],"line":9},"1":{"loc":{"start":{"line":9,"column":12},"end":{"line":9,"column":55}},"type":"binary-expr","locations":[{"start":{"line":9,"column":12},"end":{"line":9,"column":26}},{"start":{"line":9,"column":30},"end":{"line":9,"column":55}}],"line":9},"2":{"loc":{"start":{"line":15,"column":13},"end":{"line":20,"column":9}},"type":"if","locations":[{"start":{"line":15,"column":13},"end":{"line":20,"column":9}},{"start":{"line":15,"column":13},"end":{"line":20,"column":9}}],"line":15},"3":{"loc":{"start":{"line":15,"column":17},"end":{"line":15,"column":59}},"type":"binary-expr","locations":[{"start":{"line":15,"column":17},"end":{"line":15,"column":30}},{"start":{"line":15,"column":34},"end":{"line":15,"column":59}}],"line":15},"4":{"loc":{"start":{"line":22,"column":36},"end":{"line":22,"column":55}},"type":"binary-expr","locations":[{"start":{"line":22,"column":36},"end":{"line":22,"column":49}},{"start":{"line":22,"column":53},"end":{"line":22,"column":55}}],"line":22}},"s":{"0":2,"1":2,"2":2,"3":2,"4":2,"5":6,"6":0,"7":0,"8":0,"9":0,"10":6,"11":0,"12":0,"13":0,"14":0,"15":6,"16":6,"17":6,"18":6,"19":6,"20":2,"21":2},"f":{"0":2,"1":2,"2":6},"b":{"0":[0,6],"1":[6,6],"2":[0,6],"3":[6,6],"4":[6,0]},"inputSourceMap":null,"_coverageSchema":"1a1c01bbd47fc00a2c39e90264f33305004495a9","hash":"11256bd74a81e52409c4144259e3586cb4c1356b"}
,"E:\\NodeJs\\FinalUpdatedProject\\virtusa-project\\assessment-nodejs\\src\\Controllers\\V2Controller.js": {"path":"E:\\NodeJs\\FinalUpdatedProject\\virtusa-project\\assessment-nodejs\\src\\Controllers\\V2Controller.js","statementMap":{"0":{"start":{"line":2,"column":0},"end":{"line":2,"column":26}},"1":{"start":{"line":3,"column":0},"end":{"line":3,"column":30}},"2":{"start":{"line":4,"column":18},"end":{"line":4,"column":50}},"3":{"start":{"line":5,"column":34},"end":{"line":28,"column":3}},"4":{"start":{"line":8,"column":4},"end":{"line":26,"column":6}},"5":{"start":{"line":9,"column":8},"end":{"line":20,"column":9}},"6":{"start":{"line":10,"column":12},"end":{"line":10,"column":28}},"7":{"start":{"line":11,"column":12},"end":{"line":11,"column":55}},"8":{"start":{"line":12,"column":12},"end":{"line":12,"column":33}},"9":{"start":{"line":13,"column":12},"end":{"line":13,"column":19}},"10":{"start":{"line":15,"column":13},"end":{"line":20,"column":9}},"11":{"start":{"line":16,"column":12},"end":{"line":16,"column":28}},"12":{"start":{"line":17,"column":12},"end":{"line":17,"column":73}},"13":{"start":{"line":18,"column":12},"end":{"line":18,"column":33}},"14":{"start":{"line":19,"column":12},"end":{"line":19,"column":19}},"15":{"start":{"line":21,"column":24},"end":{"line":21,"column":52}},"16":{"start":{"line":22,"column":19},"end":{"line":22,"column":56}},"17":{"start":{"line":23,"column":8},"end":{"line":23,"column":24}},"18":{"start":{"line":24,"column":8},"end":{"line":24,"column":32}},"19":{"start":{"line":25,"column":8},"end":{"line":25,"column":29}},"20":{"start":{"line":27,"column":4},"end":{"line":27,"column":24}},"21":{"start":{"line":29,"column":0},"end":{"line":29,"column":36}}},"fnMap":{"0":{"name":"(anonymous_0)","decl":{"start":{"line":5,"column":34},"end":{"line":5,"column":35}},"loc":{"start":{"line":5,"column":46},"end":{"line":28,"column":1}},"line":5},"1":{"name":"V2Controller","decl":{"start":{"line":6,"column":13},"end":{"line":6,"column":25}},"loc":{"start":{"line":6,"column":28},"end":{"line":7,"column":5}},"line":6},"2":{"name":"(anonymous_2)","decl":{"start":{"line":8,"column":35},"end":{"line":8,"column":36}},"loc":{"start":{"line":8,"column":55},"end":{"line":26,"column":5}},"line":8}},"branchMap":{"0":{"loc":{"start":{"line":9,"column":8},"end":{"line":20,"column":9}},"type":"if","locations":[{"start":{"line":9,"column":8},"end":{"line":20,"column":9}},{"start":{"line":9,"column":8},"end":{"line":20,"column":9}}],"line":9},"1":{"loc":{"start":{"line":9,"column":12},"end":{"line":9,"column":55}},"type":"binary-expr","locations":[{"start":{"line":9,"column":12},"end":{"line":9,"column":26}},{"start":{"line":9,"column":30},"end":{"line":9,"column":55}}],"line":9},"2":{"loc":{"start":{"line":15,"column":13},"end":{"line":20,"column":9}},"type":"if","locations":[{"start":{"line":15,"column":13},"end":{"line":20,"column":9}},{"start":{"line":15,"column":13},"end":{"line":20,"column":9}}],"line":15},"3":{"loc":{"start":{"line":15,"column":17},"end":{"line":15,"column":59}},"type":"binary-expr","locations":[{"start":{"line":15,"column":17},"end":{"line":15,"column":30}},{"start":{"line":15,"column":34},"end":{"line":15,"column":59}}],"line":15},"4":{"loc":{"start":{"line":22,"column":36},"end":{"line":22,"column":55}},"type":"binary-expr","locations":[{"start":{"line":22,"column":36},"end":{"line":22,"column":49}},{"start":{"line":22,"column":53},"end":{"line":22,"column":55}}],"line":22}},"s":{"0":2,"1":2,"2":2,"3":2,"4":2,"5":6,"6":0,"7":0,"8":0,"9":0,"10":6,"11":0,"12":0,"13":0,"14":0,"15":6,"16":6,"17":6,"18":6,"19":6,"20":2,"21":2},"f":{"0":2,"1":2,"2":6},"b":{"0":[0,6],"1":[6,6],"2":[0,6],"3":[6,6],"4":[6,0]},"inputSourceMap":null,"_coverageSchema":"1a1c01bbd47fc00a2c39e90264f33305004495a9","hash":"bb35bbefe806990de06468a8420ea2d7a0c1d465"}
,"E:\\NodeJs\\FinalUpdatedProject\\virtusa-project\\assessment-nodejs\\src\\Deserializers\\DeserializerBase.js": {"path":"E:\\NodeJs\\FinalUpdatedProject\\virtusa-project\\assessment-nodejs\\src\\Deserializers\\DeserializerBase.js","statementMap":{"0":{"start":{"line":2,"column":0},"end":{"line":2,"column":26}},"1":{"start":{"line":3,"column":38},"end":{"line":10,"column":3}},"2":{"start":{"line":5,"column":8},"end":{"line":5,"column":28}},"3":{"start":{"line":6,"column":8},"end":{"line":6,"column":27}},"4":{"start":{"line":7,"column":8},"end":{"line":7,"column":27}},"5":{"start":{"line":9,"column":4},"end":{"line":9,"column":28}},"6":{"start":{"line":11,"column":0},"end":{"line":11,"column":38}}},"fnMap":{"0":{"name":"(anonymous_0)","decl":{"start":{"line":3,"column":38},"end":{"line":3,"column":39}},"loc":{"start":{"line":3,"column":50},"end":{"line":10,"column":1}},"line":3},"1":{"name":"DeserializerBase","decl":{"start":{"line":4,"column":13},"end":{"line":4,"column":29}},"loc":{"start":{"line":4,"column":32},"end":{"line":8,"column":5}},"line":4}},"branchMap":{},"s":{"0":2,"1":2,"2":12,"3":12,"4":12,"5":2,"6":2},"f":{"0":2,"1":12},"b":{},"inputSourceMap":null,"_coverageSchema":"1a1c01bbd47fc00a2c39e90264f33305004495a9","hash":"fe0c1fbd8697b40f09c34fd9e0e6699f508bc159"}
,"E:\\NodeJs\\FinalUpdatedProject\\virtusa-project\\assessment-nodejs\\src\\Deserializers\\V1Deserializer.js": {"path":"E:\\NodeJs\\FinalUpdatedProject\\virtusa-project\\assessment-nodejs\\src\\Deserializers\\V1Deserializer.js","statementMap":{"0":{"start":{"line":2,"column":16},"end":{"line":14,"column":4}},"1":{"start":{"line":3,"column":24},"end":{"line":8,"column":5}},"2":{"start":{"line":4,"column":8},"end":{"line":6,"column":110}},"3":{"start":{"line":5,"column":69},"end":{"line":5,"column":85}},"4":{"start":{"line":6,"column":30},"end":{"line":6,"column":107}},"5":{"start":{"line":6,"column":47},"end":{"line":6,"column":107}},"6":{"start":{"line":6,"column":95},"end":{"line":6,"column":107}},"7":{"start":{"line":7,"column":8},"end":{"line":7,"column":35}},"8":{"start":{"line":9,"column":4},"end":{"line":13,"column":6}},"9":{"start":{"line":10,"column":8},"end":{"line":10,"column":28}},"10":{"start":{"line":11,"column":24},"end":{"line":11,"column":45}},"11":{"start":{"line":12,"column":8},"end":{"line":12,"column":93}},"12":{"start":{"line":15,"column":0},"end":{"line":15,"column":26}},"13":{"start":{"line":16,"column":25},"end":{"line":16,"column":54}},"14":{"start":{"line":17,"column":36},"end":{"line":49,"column":32}},"15":{"start":{"line":18,"column":4},"end":{"line":18,"column":38}},"16":{"start":{"line":20,"column":8},"end":{"line":20,"column":72}},"17":{"start":{"line":22,"column":4},"end":{"line":47,"column":6}},"18":{"start":{"line":23,"column":8},"end":{"line":31,"column":9}},"19":{"start":{"line":23,"column":21},"end":{"line":23,"column":22}},"20":{"start":{"line":24,"column":12},"end":{"line":30,"column":13}},"21":{"start":{"line":25,"column":16},"end":{"line":29,"column":17}},"22":{"start":{"line":26,"column":28},"end":{"line":26,"column":29}},"23":{"start":{"line":27,"column":29},"end":{"line":27,"column":52}},"24":{"start":{"line":28,"column":20},"end":{"line":28,"column":26}},"25":{"start":{"line":33,"column":8},"end":{"line":41,"column":9}},"26":{"start":{"line":33,"column":21},"end":{"line":33,"column":26}},"27":{"start":{"line":34,"column":12},"end":{"line":40,"column":13}},"28":{"start":{"line":35,"column":16},"end":{"line":39,"column":17}},"29":{"start":{"line":36,"column":28},"end":{"line":36,"column":29}},"30":{"start":{"line":37,"column":29},"end":{"line":37,"column":56}},"31":{"start":{"line":38,"column":20},"end":{"line":38,"column":26}},"32":{"start":{"line":42,"column":21},"end":{"line":42,"column":53}},"33":{"start":{"line":43,"column":8},"end":{"line":43,"column":28}},"34":{"start":{"line":44,"column":8},"end":{"line":44,"column":27}},"35":{"start":{"line":45,"column":8},"end":{"line":45,"column":31}},"36":{"start":{"line":46,"column":8},"end":{"line":46,"column":20}},"37":{"start":{"line":48,"column":4},"end":{"line":48,"column":26}},"38":{"start":{"line":50,"column":0},"end":{"line":50,"column":36}}},"fnMap":{"0":{"name":"(anonymous_0)","decl":{"start":{"line":2,"column":45},"end":{"line":2,"column":46}},"loc":{"start":{"line":2,"column":57},"end":{"line":14,"column":1}},"line":2},"1":{"name":"(anonymous_1)","decl":{"start":{"line":3,"column":24},"end":{"line":3,"column":25}},"loc":{"start":{"line":3,"column":40},"end":{"line":8,"column":5}},"line":3},"2":{"name":"(anonymous_2)","decl":{"start":{"line":5,"column":51},"end":{"line":5,"column":52}},"loc":{"start":{"line":5,"column":67},"end":{"line":5,"column":87}},"line":5},"3":{"name":"(anonymous_3)","decl":{"start":{"line":6,"column":12},"end":{"line":6,"column":13}},"loc":{"start":{"line":6,"column":28},"end":{"line":6,"column":109}},"line":6},"4":{"name":"(anonymous_4)","decl":{"start":{"line":9,"column":11},"end":{"line":9,"column":12}},"loc":{"start":{"line":9,"column":27},"end":{"line":13,"column":5}},"line":9},"5":{"name":"__","decl":{"start":{"line":11,"column":17},"end":{"line":11,"column":19}},"loc":{"start":{"line":11,"column":22},"end":{"line":11,"column":47}},"line":11},"6":{"name":"(anonymous_6)","decl":{"start":{"line":17,"column":36},"end":{"line":17,"column":37}},"loc":{"start":{"line":17,"column":54},"end":{"line":49,"column":1}},"line":17},"7":{"name":"V1Deserializer","decl":{"start":{"line":19,"column":13},"end":{"line":19,"column":27}},"loc":{"start":{"line":19,"column":30},"end":{"line":21,"column":5}},"line":19},"8":{"name":"(anonymous_8)","decl":{"start":{"line":22,"column":43},"end":{"line":22,"column":44}},"loc":{"start":{"line":22,"column":58},"end":{"line":47,"column":5}},"line":22}},"branchMap":{"0":{"loc":{"start":{"line":2,"column":16},"end":{"line":14,"column":4}},"type":"binary-expr","locations":[{"start":{"line":2,"column":17},"end":{"line":2,"column":21}},{"start":{"line":2,"column":25},"end":{"line":2,"column":39}},{"start":{"line":2,"column":44},"end":{"line":14,"column":4}}],"line":2},"1":{"loc":{"start":{"line":4,"column":24},"end":{"line":6,"column":109}},"type":"binary-expr","locations":[{"start":{"line":4,"column":24},"end":{"line":4,"column":45}},{"start":{"line":5,"column":13},"end":{"line":5,"column":47}},{"start":{"line":5,"column":51},"end":{"line":5,"column":87}},{"start":{"line":6,"column":12},"end":{"line":6,"column":109}}],"line":4},"2":{"loc":{"start":{"line":6,"column":47},"end":{"line":6,"column":107}},"type":"if","locations":[{"start":{"line":6,"column":47},"end":{"line":6,"column":107}},{"start":{"line":6,"column":47},"end":{"line":6,"column":107}}],"line":6},"3":{"loc":{"start":{"line":12,"column":22},"end":{"line":12,"column":92}},"type":"cond-expr","locations":[{"start":{"line":12,"column":35},"end":{"line":12,"column":51}},{"start":{"line":12,"column":55},"end":{"line":12,"column":91}}],"line":12},"4":{"loc":{"start":{"line":20,"column":15},"end":{"line":20,"column":71}},"type":"binary-expr","locations":[{"start":{"line":20,"column":15},"end":{"line":20,"column":30}},{"start":{"line":20,"column":34},"end":{"line":20,"column":63}},{"start":{"line":20,"column":67},"end":{"line":20,"column":71}}],"line":20},"5":{"loc":{"start":{"line":24,"column":12},"end":{"line":30,"column":13}},"type":"if","locations":[{"start":{"line":24,"column":12},"end":{"line":30,"column":13}},{"start":{"line":24,"column":12},"end":{"line":30,"column":13}}],"line":24},"6":{"loc":{"start":{"line":25,"column":16},"end":{"line":29,"column":17}},"type":"if","locations":[{"start":{"line":25,"column":16},"end":{"line":29,"column":17}},{"start":{"line":25,"column":16},"end":{"line":29,"column":17}}],"line":25},"7":{"loc":{"start":{"line":25,"column":20},"end":{"line":25,"column":58}},"type":"binary-expr","locations":[{"start":{"line":25,"column":20},"end":{"line":25,"column":37}},{"start":{"line":25,"column":41},"end":{"line":25,"column":58}}],"line":25},"8":{"loc":{"start":{"line":34,"column":12},"end":{"line":40,"column":13}},"type":"if","locations":[{"start":{"line":34,"column":12},"end":{"line":40,"column":13}},{"start":{"line":34,"column":12},"end":{"line":40,"column":13}}],"line":34},"9":{"loc":{"start":{"line":35,"column":16},"end":{"line":39,"column":17}},"type":"if","locations":[{"start":{"line":35,"column":16},"end":{"line":39,"column":17}},{"start":{"line":35,"column":16},"end":{"line":39,"column":17}}],"line":35},"10":{"loc":{"start":{"line":35,"column":20},"end":{"line":35,"column":58}},"type":"binary-expr","locations":[{"start":{"line":35,"column":20},"end":{"line":35,"column":37}},{"start":{"line":35,"column":41},"end":{"line":35,"column":58}}],"line":35}},"s":{"0":2,"1":2,"2":2,"3":0,"4":0,"5":0,"6":0,"7":2,"8":2,"9":2,"10":2,"11":2,"12":2,"13":2,"14":2,"15":2,"16":6,"17":2,"18":12,"19":12,"20":96,"21":48,"22":12,"23":12,"24":12,"25":12,"26":12,"27":120,"28":36,"29":12,"30":12,"31":12,"32":12,"33":12,"34":12,"35":12,"36":12,"37":2,"38":2},"f":{"0":2,"1":2,"2":0,"3":0,"4":2,"5":2,"6":2,"7":6,"8":12},"b":{"0":[2,2,2],"1":[2,0,0,0],"2":[0,0],"3":[0,2],"4":[6,6,6],"5":[48,48],"6":[12,36],"7":[48,36],"8":[36,84],"9":[12,24],"10":[36,24]},"inputSourceMap":null,"_coverageSchema":"1a1c01bbd47fc00a2c39e90264f33305004495a9","hash":"bf255eb5e258a074600372b821f246de75030436"}
,"E:\\NodeJs\\FinalUpdatedProject\\virtusa-project\\assessment-nodejs\\src\\Deserializers\\V2Deserializer.js": {"path":"E:\\NodeJs\\FinalUpdatedProject\\virtusa-project\\assessment-nodejs\\src\\Deserializers\\V2Deserializer.js","statementMap":{"0":{"start":{"line":2,"column":16},"end":{"line":14,"column":4}},"1":{"start":{"line":3,"column":24},"end":{"line":8,"column":5}},"2":{"start":{"line":4,"column":8},"end":{"line":6,"column":110}},"3":{"start":{"line":5,"column":69},"end":{"line":5,"column":85}},"4":{"start":{"line":6,"column":30},"end":{"line":6,"column":107}},"5":{"start":{"line":6,"column":47},"end":{"line":6,"column":107}},"6":{"start":{"line":6,"column":95},"end":{"line":6,"column":107}},"7":{"start":{"line":7,"column":8},"end":{"line":7,"column":35}},"8":{"start":{"line":9,"column":4},"end":{"line":13,"column":6}},"9":{"start":{"line":10,"column":8},"end":{"line":10,"column":28}},"10":{"start":{"line":11,"column":24},"end":{"line":11,"column":45}},"11":{"start":{"line":12,"column":8},"end":{"line":12,"column":93}},"12":{"start":{"line":15,"column":0},"end":{"line":15,"column":26}},"13":{"start":{"line":16,"column":25},"end":{"line":16,"column":54}},"14":{"start":{"line":17,"column":36},"end":{"line":52,"column":32}},"15":{"start":{"line":18,"column":4},"end":{"line":18,"column":38}},"16":{"start":{"line":20,"column":8},"end":{"line":20,"column":72}},"17":{"start":{"line":22,"column":4},"end":{"line":50,"column":6}},"18":{"start":{"line":23,"column":8},"end":{"line":32,"column":9}},"19":{"start":{"line":23,"column":21},"end":{"line":23,"column":22}},"20":{"start":{"line":24,"column":12},"end":{"line":31,"column":13}},"21":{"start":{"line":25,"column":16},"end":{"line":30,"column":17}},"22":{"start":{"line":26,"column":28},"end":{"line":26,"column":29}},"23":{"start":{"line":27,"column":29},"end":{"line":27,"column":52}},"24":{"start":{"line":28,"column":20},"end":{"line":28,"column":46}},"25":{"start":{"line":29,"column":20},"end":{"line":29,"column":26}},"26":{"start":{"line":34,"column":8},"end":{"line":43,"column":9}},"27":{"start":{"line":34,"column":21},"end":{"line":34,"column":26}},"28":{"start":{"line":35,"column":12},"end":{"line":42,"column":13}},"29":{"start":{"line":36,"column":16},"end":{"line":41,"column":17}},"30":{"start":{"line":37,"column":28},"end":{"line":37,"column":29}},"31":{"start":{"line":38,"column":29},"end":{"line":38,"column":56}},"32":{"start":{"line":39,"column":20},"end":{"line":39,"column":46}},"33":{"start":{"line":40,"column":20},"end":{"line":40,"column":26}},"34":{"start":{"line":44,"column":21},"end":{"line":44,"column":53}},"35":{"start":{"line":45,"column":8},"end":{"line":45,"column":71}},"36":{"start":{"line":46,"column":8},"end":{"line":46,"column":28}},"37":{"start":{"line":47,"column":8},"end":{"line":47,"column":27}},"38":{"start":{"line":48,"column":8},"end":{"line":48,"column":31}},"39":{"start":{"line":49,"column":8},"end":{"line":49,"column":20}},"40":{"start":{"line":51,"column":4},"end":{"line":51,"column":26}},"41":{"start":{"line":53,"column":0},"end":{"line":53,"column":36}}},"fnMap":{"0":{"name":"(anonymous_0)","decl":{"start":{"line":2,"column":45},"end":{"line":2,"column":46}},"loc":{"start":{"line":2,"column":57},"end":{"line":14,"column":1}},"line":2},"1":{"name":"(anonymous_1)","decl":{"start":{"line":3,"column":24},"end":{"line":3,"column":25}},"loc":{"start":{"line":3,"column":40},"end":{"line":8,"column":5}},"line":3},"2":{"name":"(anonymous_2)","decl":{"start":{"line":5,"column":51},"end":{"line":5,"column":52}},"loc":{"start":{"line":5,"column":67},"end":{"line":5,"column":87}},"line":5},"3":{"name":"(anonymous_3)","decl":{"start":{"line":6,"column":12},"end":{"line":6,"column":13}},"loc":{"start":{"line":6,"column":28},"end":{"line":6,"column":109}},"line":6},"4":{"name":"(anonymous_4)","decl":{"start":{"line":9,"column":11},"end":{"line":9,"column":12}},"loc":{"start":{"line":9,"column":27},"end":{"line":13,"column":5}},"line":9},"5":{"name":"__","decl":{"start":{"line":11,"column":17},"end":{"line":11,"column":19}},"loc":{"start":{"line":11,"column":22},"end":{"line":11,"column":47}},"line":11},"6":{"name":"(anonymous_6)","decl":{"start":{"line":17,"column":36},"end":{"line":17,"column":37}},"loc":{"start":{"line":17,"column":54},"end":{"line":52,"column":1}},"line":17},"7":{"name":"V2Deserializer","decl":{"start":{"line":19,"column":13},"end":{"line":19,"column":27}},"loc":{"start":{"line":19,"column":30},"end":{"line":21,"column":5}},"line":19},"8":{"name":"(anonymous_8)","decl":{"start":{"line":22,"column":43},"end":{"line":22,"column":44}},"loc":{"start":{"line":22,"column":58},"end":{"line":50,"column":5}},"line":22}},"branchMap":{"0":{"loc":{"start":{"line":2,"column":16},"end":{"line":14,"column":4}},"type":"binary-expr","locations":[{"start":{"line":2,"column":17},"end":{"line":2,"column":21}},{"start":{"line":2,"column":25},"end":{"line":2,"column":39}},{"start":{"line":2,"column":44},"end":{"line":14,"column":4}}],"line":2},"1":{"loc":{"start":{"line":4,"column":24},"end":{"line":6,"column":109}},"type":"binary-expr","locations":[{"start":{"line":4,"column":24},"end":{"line":4,"column":45}},{"start":{"line":5,"column":13},"end":{"line":5,"column":47}},{"start":{"line":5,"column":51},"end":{"line":5,"column":87}},{"start":{"line":6,"column":12},"end":{"line":6,"column":109}}],"line":4},"2":{"loc":{"start":{"line":6,"column":47},"end":{"line":6,"column":107}},"type":"if","locations":[{"start":{"line":6,"column":47},"end":{"line":6,"column":107}},{"start":{"line":6,"column":47},"end":{"line":6,"column":107}}],"line":6},"3":{"loc":{"start":{"line":12,"column":22},"end":{"line":12,"column":92}},"type":"cond-expr","locations":[{"start":{"line":12,"column":35},"end":{"line":12,"column":51}},{"start":{"line":12,"column":55},"end":{"line":12,"column":91}}],"line":12},"4":{"loc":{"start":{"line":20,"column":15},"end":{"line":20,"column":71}},"type":"binary-expr","locations":[{"start":{"line":20,"column":15},"end":{"line":20,"column":30}},{"start":{"line":20,"column":34},"end":{"line":20,"column":63}},{"start":{"line":20,"column":67},"end":{"line":20,"column":71}}],"line":20},"5":{"loc":{"start":{"line":24,"column":12},"end":{"line":31,"column":13}},"type":"if","locations":[{"start":{"line":24,"column":12},"end":{"line":31,"column":13}},{"start":{"line":24,"column":12},"end":{"line":31,"column":13}}],"line":24},"6":{"loc":{"start":{"line":25,"column":16},"end":{"line":30,"column":17}},"type":"if","locations":[{"start":{"line":25,"column":16},"end":{"line":30,"column":17}},{"start":{"line":25,"column":16},"end":{"line":30,"column":17}}],"line":25},"7":{"loc":{"start":{"line":25,"column":20},"end":{"line":25,"column":58}},"type":"binary-expr","locations":[{"start":{"line":25,"column":20},"end":{"line":25,"column":37}},{"start":{"line":25,"column":41},"end":{"line":25,"column":58}}],"line":25},"8":{"loc":{"start":{"line":35,"column":12},"end":{"line":42,"column":13}},"type":"if","locations":[{"start":{"line":35,"column":12},"end":{"line":42,"column":13}},{"start":{"line":35,"column":12},"end":{"line":42,"column":13}}],"line":35},"9":{"loc":{"start":{"line":36,"column":16},"end":{"line":41,"column":17}},"type":"if","locations":[{"start":{"line":36,"column":16},"end":{"line":41,"column":17}},{"start":{"line":36,"column":16},"end":{"line":41,"column":17}}],"line":36},"10":{"loc":{"start":{"line":36,"column":20},"end":{"line":36,"column":58}},"type":"binary-expr","locations":[{"start":{"line":36,"column":20},"end":{"line":36,"column":37}},{"start":{"line":36,"column":41},"end":{"line":36,"column":58}}],"line":36}},"s":{"0":2,"1":2,"2":2,"3":0,"4":0,"5":0,"6":0,"7":2,"8":2,"9":2,"10":2,"11":2,"12":2,"13":2,"14":2,"15":2,"16":6,"17":2,"18":12,"19":12,"20":96,"21":48,"22":12,"23":12,"24":12,"25":12,"26":12,"27":12,"28":120,"29":36,"30":12,"31":12,"32":12,"33":12,"34":12,"35":12,"36":12,"37":12,"38":12,"39":12,"40":2,"41":2},"f":{"0":2,"1":2,"2":0,"3":0,"4":2,"5":2,"6":2,"7":6,"8":12},"b":{"0":[2,2,2],"1":[2,0,0,0],"2":[0,0],"3":[0,2],"4":[6,6,6],"5":[48,48],"6":[12,36],"7":[48,36],"8":[36,84],"9":[12,24],"10":[36,24]},"inputSourceMap":null,"_coverageSchema":"1a1c01bbd47fc00a2c39e90264f33305004495a9","hash":"a90228817d31132b8798249ab371c13e078361fb"}
,"E:\\NodeJs\\FinalUpdatedProject\\virtusa-project\\assessment-nodejs\\src\\Handlers\\HandlerBase.js": {"path":"E:\\NodeJs\\FinalUpdatedProject\\virtusa-project\\assessment-nodejs\\src\\Handlers\\HandlerBase.js","statementMap":{"0":{"start":{"line":2,"column":0},"end":{"line":2,"column":26}},"1":{"start":{"line":3,"column":33},"end":{"line":7,"column":3}},"2":{"start":{"line":6,"column":4},"end":{"line":6,"column":23}},"3":{"start":{"line":8,"column":0},"end":{"line":8,"column":33}}},"fnMap":{"0":{"name":"(anonymous_0)","decl":{"start":{"line":3,"column":33},"end":{"line":3,"column":34}},"loc":{"start":{"line":3,"column":45},"end":{"line":7,"column":1}},"line":3},"1":{"name":"HandlerBase","decl":{"start":{"line":4,"column":13},"end":{"line":4,"column":24}},"loc":{"start":{"line":4,"column":27},"end":{"line":5,"column":5}},"line":4}},"branchMap":{},"s":{"0":2,"1":2,"2":2,"3":2},"f":{"0":2,"1":12},"b":{},"inputSourceMap":null,"_coverageSchema":"1a1c01bbd47fc00a2c39e90264f33305004495a9","hash":"d19b0640ade0000c74fef312b29f73a203910412"}
,"E:\\NodeJs\\FinalUpdatedProject\\virtusa-project\\assessment-nodejs\\src\\Handlers\\V1Handler.js": {"path":"E:\\NodeJs\\FinalUpdatedProject\\virtusa-project\\assessment-nodejs\\src\\Handlers\\V1Handler.js","statementMap":{"0":{"start":{"line":2,"column":16},"end":{"line":14,"column":4}},"1":{"start":{"line":3,"column":24},"end":{"line":8,"column":5}},"2":{"start":{"line":4,"column":8},"end":{"line":6,"column":110}},"3":{"start":{"line":5,"column":69},"end":{"line":5,"column":85}},"4":{"start":{"line":6,"column":30},"end":{"line":6,"column":107}},"5":{"start":{"line":6,"column":47},"end":{"line":6,"column":107}},"6":{"start":{"line":6,"column":95},"end":{"line":6,"column":107}},"7":{"start":{"line":7,"column":8},"end":{"line":7,"column":35}},"8":{"start":{"line":9,"column":4},"end":{"line":13,"column":6}},"9":{"start":{"line":10,"column":8},"end":{"line":10,"column":28}},"10":{"start":{"line":11,"column":24},"end":{"line":11,"column":45}},"11":{"start":{"line":12,"column":8},"end":{"line":12,"column":93}},"12":{"start":{"line":15,"column":0},"end":{"line":15,"column":26}},"13":{"start":{"line":16,"column":20},"end":{"line":16,"column":44}},"14":{"start":{"line":17,"column":23},"end":{"line":17,"column":65}},"15":{"start":{"line":18,"column":31},"end":{"line":29,"column":27}},"16":{"start":{"line":19,"column":4},"end":{"line":19,"column":33}},"17":{"start":{"line":21,"column":8},"end":{"line":21,"column":72}},"18":{"start":{"line":23,"column":4},"end":{"line":27,"column":6}},"19":{"start":{"line":24,"column":29},"end":{"line":24,"column":62}},"20":{"start":{"line":25,"column":8},"end":{"line":25,"column":41}},"21":{"start":{"line":26,"column":8},"end":{"line":26,"column":48}},"22":{"start":{"line":28,"column":4},"end":{"line":28,"column":21}},"23":{"start":{"line":30,"column":0},"end":{"line":30,"column":31}}},"fnMap":{"0":{"name":"(anonymous_0)","decl":{"start":{"line":2,"column":45},"end":{"line":2,"column":46}},"loc":{"start":{"line":2,"column":57},"end":{"line":14,"column":1}},"line":2},"1":{"name":"(anonymous_1)","decl":{"start":{"line":3,"column":24},"end":{"line":3,"column":25}},"loc":{"start":{"line":3,"column":40},"end":{"line":8,"column":5}},"line":3},"2":{"name":"(anonymous_2)","decl":{"start":{"line":5,"column":51},"end":{"line":5,"column":52}},"loc":{"start":{"line":5,"column":67},"end":{"line":5,"column":87}},"line":5},"3":{"name":"(anonymous_3)","decl":{"start":{"line":6,"column":12},"end":{"line":6,"column":13}},"loc":{"start":{"line":6,"column":28},"end":{"line":6,"column":109}},"line":6},"4":{"name":"(anonymous_4)","decl":{"start":{"line":9,"column":11},"end":{"line":9,"column":12}},"loc":{"start":{"line":9,"column":27},"end":{"line":13,"column":5}},"line":9},"5":{"name":"__","decl":{"start":{"line":11,"column":17},"end":{"line":11,"column":19}},"loc":{"start":{"line":11,"column":22},"end":{"line":11,"column":47}},"line":11},"6":{"name":"(anonymous_6)","decl":{"start":{"line":18,"column":31},"end":{"line":18,"column":32}},"loc":{"start":{"line":18,"column":49},"end":{"line":29,"column":1}},"line":18},"7":{"name":"V1Handler","decl":{"start":{"line":20,"column":13},"end":{"line":20,"column":22}},"loc":{"start":{"line":20,"column":25},"end":{"line":22,"column":5}},"line":20},"8":{"name":"(anonymous_8)","decl":{"start":{"line":23,"column":33},"end":{"line":23,"column":34}},"loc":{"start":{"line":23,"column":49},"end":{"line":27,"column":5}},"line":23}},"branchMap":{"0":{"loc":{"start":{"line":2,"column":16},"end":{"line":14,"column":4}},"type":"binary-expr","locations":[{"start":{"line":2,"column":17},"end":{"line":2,"column":21}},{"start":{"line":2,"column":25},"end":{"line":2,"column":39}},{"start":{"line":2,"column":44},"end":{"line":14,"column":4}}],"line":2},"1":{"loc":{"start":{"line":4,"column":24},"end":{"line":6,"column":109}},"type":"binary-expr","locations":[{"start":{"line":4,"column":24},"end":{"line":4,"column":45}},{"start":{"line":5,"column":13},"end":{"line":5,"column":47}},{"start":{"line":5,"column":51},"end":{"line":5,"column":87}},{"start":{"line":6,"column":12},"end":{"line":6,"column":109}}],"line":4},"2":{"loc":{"start":{"line":6,"column":47},"end":{"line":6,"column":107}},"type":"if","locations":[{"start":{"line":6,"column":47},"end":{"line":6,"column":107}},{"start":{"line":6,"column":47},"end":{"line":6,"column":107}}],"line":6},"3":{"loc":{"start":{"line":12,"column":22},"end":{"line":12,"column":92}},"type":"cond-expr","locations":[{"start":{"line":12,"column":35},"end":{"line":12,"column":51}},{"start":{"line":12,"column":55},"end":{"line":12,"column":91}}],"line":12},"4":{"loc":{"start":{"line":21,"column":15},"end":{"line":21,"column":71}},"type":"binary-expr","locations":[{"start":{"line":21,"column":15},"end":{"line":21,"column":30}},{"start":{"line":21,"column":34},"end":{"line":21,"column":63}},{"start":{"line":21,"column":67},"end":{"line":21,"column":71}}],"line":21}},"s":{"0":2,"1":2,"2":2,"3":0,"4":0,"5":0,"6":0,"7":2,"8":2,"9":2,"10":2,"11":2,"12":2,"13":2,"14":2,"15":2,"16":2,"17":6,"18":2,"19":6,"20":6,"21":6,"22":2,"23":2},"f":{"0":2,"1":2,"2":0,"3":0,"4":2,"5":2,"6":2,"7":6,"8":6},"b":{"0":[2,2,2],"1":[2,0,0,0],"2":[0,0],"3":[0,2],"4":[6,6,6]},"inputSourceMap":null,"_coverageSchema":"1a1c01bbd47fc00a2c39e90264f33305004495a9","hash":"3546b6f1183b4983455018326795b00ef09ccae8"}
,"E:\\NodeJs\\FinalUpdatedProject\\virtusa-project\\assessment-nodejs\\src\\Handlers\\V2Handler.js": {"path":"E:\\NodeJs\\FinalUpdatedProject\\virtusa-project\\assessment-nodejs\\src\\Handlers\\V2Handler.js","statementMap":{"0":{"start":{"line":2,"column":16},"end":{"line":14,"column":4}},"1":{"start":{"line":3,"column":24},"end":{"line":8,"column":5}},"2":{"start":{"line":4,"column":8},"end":{"line":6,"column":110}},"3":{"start":{"line":5,"column":69},"end":{"line":5,"column":85}},"4":{"start":{"line":6,"column":30},"end":{"line":6,"column":107}},"5":{"start":{"line":6,"column":47},"end":{"line":6,"column":107}},"6":{"start":{"line":6,"column":95},"end":{"line":6,"column":107}},"7":{"start":{"line":7,"column":8},"end":{"line":7,"column":35}},"8":{"start":{"line":9,"column":4},"end":{"line":13,"column":6}},"9":{"start":{"line":10,"column":8},"end":{"line":10,"column":28}},"10":{"start":{"line":11,"column":24},"end":{"line":11,"column":45}},"11":{"start":{"line":12,"column":8},"end":{"line":12,"column":93}},"12":{"start":{"line":15,"column":0},"end":{"line":15,"column":26}},"13":{"start":{"line":16,"column":20},"end":{"line":16,"column":44}},"14":{"start":{"line":17,"column":23},"end":{"line":17,"column":65}},"15":{"start":{"line":18,"column":31},"end":{"line":29,"column":27}},"16":{"start":{"line":19,"column":4},"end":{"line":19,"column":33}},"17":{"start":{"line":21,"column":8},"end":{"line":21,"column":72}},"18":{"start":{"line":23,"column":4},"end":{"line":27,"column":6}},"19":{"start":{"line":24,"column":29},"end":{"line":24,"column":62}},"20":{"start":{"line":25,"column":8},"end":{"line":25,"column":41}},"21":{"start":{"line":26,"column":8},"end":{"line":26,"column":48}},"22":{"start":{"line":28,"column":4},"end":{"line":28,"column":21}},"23":{"start":{"line":30,"column":0},"end":{"line":30,"column":31}}},"fnMap":{"0":{"name":"(anonymous_0)","decl":{"start":{"line":2,"column":45},"end":{"line":2,"column":46}},"loc":{"start":{"line":2,"column":57},"end":{"line":14,"column":1}},"line":2},"1":{"name":"(anonymous_1)","decl":{"start":{"line":3,"column":24},"end":{"line":3,"column":25}},"loc":{"start":{"line":3,"column":40},"end":{"line":8,"column":5}},"line":3},"2":{"name":"(anonymous_2)","decl":{"start":{"line":5,"column":51},"end":{"line":5,"column":52}},"loc":{"start":{"line":5,"column":67},"end":{"line":5,"column":87}},"line":5},"3":{"name":"(anonymous_3)","decl":{"start":{"line":6,"column":12},"end":{"line":6,"column":13}},"loc":{"start":{"line":6,"column":28},"end":{"line":6,"column":109}},"line":6},"4":{"name":"(anonymous_4)","decl":{"start":{"line":9,"column":11},"end":{"line":9,"column":12}},"loc":{"start":{"line":9,"column":27},"end":{"line":13,"column":5}},"line":9},"5":{"name":"__","decl":{"start":{"line":11,"column":17},"end":{"line":11,"column":19}},"loc":{"start":{"line":11,"column":22},"end":{"line":11,"column":47}},"line":11},"6":{"name":"(anonymous_6)","decl":{"start":{"line":18,"column":31},"end":{"line":18,"column":32}},"loc":{"start":{"line":18,"column":49},"end":{"line":29,"column":1}},"line":18},"7":{"name":"V1Handler","decl":{"start":{"line":20,"column":13},"end":{"line":20,"column":22}},"loc":{"start":{"line":20,"column":25},"end":{"line":22,"column":5}},"line":20},"8":{"name":"(anonymous_8)","decl":{"start":{"line":23,"column":33},"end":{"line":23,"column":34}},"loc":{"start":{"line":23,"column":49},"end":{"line":27,"column":5}},"line":23}},"branchMap":{"0":{"loc":{"start":{"line":2,"column":16},"end":{"line":14,"column":4}},"type":"binary-expr","locations":[{"start":{"line":2,"column":17},"end":{"line":2,"column":21}},{"start":{"line":2,"column":25},"end":{"line":2,"column":39}},{"start":{"line":2,"column":44},"end":{"line":14,"column":4}}],"line":2},"1":{"loc":{"start":{"line":4,"column":24},"end":{"line":6,"column":109}},"type":"binary-expr","locations":[{"start":{"line":4,"column":24},"end":{"line":4,"column":45}},{"start":{"line":5,"column":13},"end":{"line":5,"column":47}},{"start":{"line":5,"column":51},"end":{"line":5,"column":87}},{"start":{"line":6,"column":12},"end":{"line":6,"column":109}}],"line":4},"2":{"loc":{"start":{"line":6,"column":47},"end":{"line":6,"column":107}},"type":"if","locations":[{"start":{"line":6,"column":47},"end":{"line":6,"column":107}},{"start":{"line":6,"column":47},"end":{"line":6,"column":107}}],"line":6},"3":{"loc":{"start":{"line":12,"column":22},"end":{"line":12,"column":92}},"type":"cond-expr","locations":[{"start":{"line":12,"column":35},"end":{"line":12,"column":51}},{"start":{"line":12,"column":55},"end":{"line":12,"column":91}}],"line":12},"4":{"loc":{"start":{"line":21,"column":15},"end":{"line":21,"column":71}},"type":"binary-expr","locations":[{"start":{"line":21,"column":15},"end":{"line":21,"column":30}},{"start":{"line":21,"column":34},"end":{"line":21,"column":63}},{"start":{"line":21,"column":67},"end":{"line":21,"column":71}}],"line":21}},"s":{"0":2,"1":2,"2":2,"3":0,"4":0,"5":0,"6":0,"7":2,"8":2,"9":2,"10":2,"11":2,"12":2,"13":2,"14":2,"15":2,"16":2,"17":6,"18":2,"19":6,"20":6,"21":6,"22":2,"23":2},"f":{"0":2,"1":2,"2":0,"3":0,"4":2,"5":2,"6":2,"7":6,"8":6},"b":{"0":[2,2,2],"1":[2,0,0,0],"2":[0,0],"3":[0,2],"4":[6,6,6]},"inputSourceMap":null,"_coverageSchema":"1a1c01bbd47fc00a2c39e90264f33305004495a9","hash":"6da3d67225a7a0e8fe8addfce88a14443ec7fd82"}
,"E:\\NodeJs\\FinalUpdatedProject\\virtusa-project\\assessment-nodejs\\src\\Routes\\Routes.js": {"path":"E:\\NodeJs\\FinalUpdatedProject\\virtusa-project\\assessment-nodejs\\src\\Routes\\Routes.js","statementMap":{"0":{"start":{"line":2,"column":0},"end":{"line":2,"column":26}},"1":{"start":{"line":3,"column":16},"end":{"line":3,"column":34}},"2":{"start":{"line":4,"column":21},"end":{"line":4,"column":59}},"3":{"start":{"line":5,"column":21},"end":{"line":5,"column":59}},"4":{"start":{"line":6,"column":24},"end":{"line":6,"column":65}},"5":{"start":{"line":7,"column":28},"end":{"line":39,"column":3}},"6":{"start":{"line":9,"column":8},"end":{"line":9,"column":62}},"7":{"start":{"line":10,"column":8},"end":{"line":10,"column":62}},"8":{"start":{"line":11,"column":8},"end":{"line":11,"column":24}},"9":{"start":{"line":12,"column":8},"end":{"line":12,"column":41}},"10":{"start":{"line":13,"column":8},"end":{"line":13,"column":66}},"11":{"start":{"line":14,"column":8},"end":{"line":14,"column":32}},"12":{"start":{"line":16,"column":4},"end":{"line":18,"column":6}},"13":{"start":{"line":17,"column":8},"end":{"line":17,"column":68}},"14":{"start":{"line":19,"column":4},"end":{"line":37,"column":6}},"15":{"start":{"line":20,"column":20},"end":{"line":20,"column":24}},"16":{"start":{"line":21,"column":8},"end":{"line":28,"column":11}},"17":{"start":{"line":23,"column":25},"end":{"line":23,"column":27}},"18":{"start":{"line":24,"column":12},"end":{"line":24,"column":50}},"19":{"start":{"line":25,"column":12},"end":{"line":27,"column":15}},"20":{"start":{"line":29,"column":8},"end":{"line":36,"column":11}},"21":{"start":{"line":31,"column":25},"end":{"line":31,"column":27}},"22":{"start":{"line":32,"column":12},"end":{"line":32,"column":50}},"23":{"start":{"line":33,"column":12},"end":{"line":35,"column":15}},"24":{"start":{"line":38,"column":4},"end":{"line":38,"column":18}},"25":{"start":{"line":40,"column":0},"end":{"line":40,"column":28}}},"fnMap":{"0":{"name":"(anonymous_0)","decl":{"start":{"line":7,"column":28},"end":{"line":7,"column":29}},"loc":{"start":{"line":7,"column":40},"end":{"line":39,"column":1}},"line":7},"1":{"name":"Routes","decl":{"start":{"line":8,"column":13},"end":{"line":8,"column":19}},"loc":{"start":{"line":8,"column":22},"end":{"line":15,"column":5}},"line":8},"2":{"name":"(anonymous_2)","decl":{"start":{"line":16,"column":40},"end":{"line":16,"column":41}},"loc":{"start":{"line":16,"column":52},"end":{"line":18,"column":5}},"line":16},"3":{"name":"(anonymous_3)","decl":{"start":{"line":19,"column":30},"end":{"line":19,"column":31}},"loc":{"start":{"line":19,"column":45},"end":{"line":37,"column":5}},"line":19},"4":{"name":"(anonymous_4)","decl":{"start":{"line":22,"column":18},"end":{"line":22,"column":19}},"loc":{"start":{"line":22,"column":38},"end":{"line":28,"column":9}},"line":22},"5":{"name":"(anonymous_5)","decl":{"start":{"line":30,"column":18},"end":{"line":30,"column":19}},"loc":{"start":{"line":30,"column":38},"end":{"line":36,"column":9}},"line":30}},"branchMap":{},"s":{"0":2,"1":2,"2":2,"3":2,"4":2,"5":2,"6":2,"7":2,"8":2,"9":2,"10":2,"11":2,"12":2,"13":2,"14":2,"15":2,"16":2,"17":6,"18":6,"19":6,"20":2,"21":6,"22":6,"23":6,"24":2,"25":2},"f":{"0":2,"1":2,"2":2,"3":2,"4":6,"5":6},"b":{},"inputSourceMap":null,"_coverageSchema":"1a1c01bbd47fc00a2c39e90264f33305004495a9","hash":"f7bc3676538d0351fbeb4e5d280d29b5fac196b0"}
,"E:\\NodeJs\\FinalUpdatedProject\\virtusa-project\\assessment-nodejs\\src\\Routes\\index.route.js": {"path":"E:\\NodeJs\\FinalUpdatedProject\\virtusa-project\\assessment-nodejs\\src\\Routes\\index.route.js","statementMap":{"0":{"start":{"line":2,"column":0},"end":{"line":2,"column":26}},"1":{"start":{"line":3,"column":16},"end":{"line":3,"column":34}},"2":{"start":{"line":4,"column":24},"end":{"line":4,"column":65}},"3":{"start":{"line":5,"column":32},"end":{"line":18,"column":3}},"4":{"start":{"line":7,"column":8},"end":{"line":7,"column":24}},"5":{"start":{"line":8,"column":8},"end":{"line":8,"column":38}},"6":{"start":{"line":9,"column":8},"end":{"line":9,"column":38}},"7":{"start":{"line":10,"column":8},"end":{"line":10,"column":41}},"8":{"start":{"line":11,"column":8},"end":{"line":11,"column":66}},"9":{"start":{"line":12,"column":8},"end":{"line":12,"column":32}},"10":{"start":{"line":14,"column":4},"end":{"line":16,"column":6}},"11":{"start":{"line":15,"column":8},"end":{"line":15,"column":68}},"12":{"start":{"line":17,"column":4},"end":{"line":17,"column":22}},"13":{"start":{"line":19,"column":0},"end":{"line":19,"column":32}}},"fnMap":{"0":{"name":"(anonymous_0)","decl":{"start":{"line":5,"column":32},"end":{"line":5,"column":33}},"loc":{"start":{"line":5,"column":44},"end":{"line":18,"column":1}},"line":5},"1":{"name":"IndexRoute","decl":{"start":{"line":6,"column":13},"end":{"line":6,"column":23}},"loc":{"start":{"line":6,"column":26},"end":{"line":13,"column":5}},"line":6},"2":{"name":"(anonymous_2)","decl":{"start":{"line":14,"column":44},"end":{"line":14,"column":45}},"loc":{"start":{"line":14,"column":56},"end":{"line":16,"column":5}},"line":14}},"branchMap":{},"s":{"0":2,"1":2,"2":2,"3":2,"4":2,"5":2,"6":2,"7":2,"8":2,"9":2,"10":2,"11":2,"12":2,"13":2},"f":{"0":2,"1":2,"2":2},"b":{},"inputSourceMap":null,"_coverageSchema":"1a1c01bbd47fc00a2c39e90264f33305004495a9","hash":"a10ee80b6131872660b64aa7bdcc3d7ee51dd876"}
}
