TN:
SF:..\..\app.js
FN:6,(anonymous_0)
FN:7,App
FN:13,(anonymous_2)
FN:17,(anonymous_3)
FNF:4
FNH:4
FNDA:2,(anonymous_0)
FNDA:2,App
FNDA:2,(anonymous_2)
FNDA:12,(anonymous_3)
DA:2,2
DA:3,2
DA:4,2
DA:5,2
DA:6,2
DA:8,2
DA:9,2
DA:10,2
DA:11,2
DA:13,2
DA:14,2
DA:15,2
DA:17,2
DA:18,12
DA:20,2
DA:22,2
LF:16
LH:16
BRF:0
BRH:0
end_of_record
TN:
SF:..\Controllers\IndexController.js
FN:3,(anonymous_0)
FN:4,IndexController
FN:5,(anonymous_2)
FNF:3
FNH:2
FNDA:2,(anonymous_0)
FNDA:4,IndexController
FNDA:0,(anonymous_2)
DA:2,2
DA:3,2
DA:5,4
DA:6,0
DA:7,0
DA:10,0
DA:14,2
DA:16,2
LF:8
LH:5
BRF:0
BRH:0
end_of_record
TN:
SF:..\Controllers\V1Controller.js
FN:5,(anonymous_0)
FN:6,V1Controller
FN:8,(anonymous_2)
FNF:3
FNH:3
FNDA:2,(anonymous_0)
FNDA:2,V1Controller
FNDA:6,(anonymous_2)
DA:2,2
DA:3,2
DA:4,2
DA:5,2
DA:8,2
DA:9,6
DA:10,0
DA:11,0
DA:12,0
DA:13,0
DA:15,6
DA:16,0
DA:17,0
DA:18,0
DA:19,0
DA:21,6
DA:22,6
DA:23,6
DA:24,6
DA:25,6
DA:27,2
DA:29,2
LF:22
LH:14
BRDA:9,0,0,0
BRDA:9,0,1,6
BRDA:9,1,0,6
BRDA:9,1,1,6
BRDA:15,2,0,0
BRDA:15,2,1,6
BRDA:15,3,0,6
BRDA:15,3,1,6
BRDA:22,4,0,6
BRDA:22,4,1,0
BRF:10
BRH:7
end_of_record
TN:
SF:..\Controllers\V2Controller.js
FN:5,(anonymous_0)
FN:6,V2Controller
FN:8,(anonymous_2)
FNF:3
FNH:3
FNDA:2,(anonymous_0)
FNDA:2,V2Controller
FNDA:6,(anonymous_2)
DA:2,2
DA:3,2
DA:4,2
DA:5,2
DA:8,2
DA:9,6
DA:10,0
DA:11,0
DA:12,0
DA:13,0
DA:15,6
DA:16,0
DA:17,0
DA:18,0
DA:19,0
DA:21,6
DA:22,6
DA:23,6
DA:24,6
DA:25,6
DA:27,2
DA:29,2
LF:22
LH:14
BRDA:9,0,0,0
BRDA:9,0,1,6
BRDA:9,1,0,6
BRDA:9,1,1,6
BRDA:15,2,0,0
BRDA:15,2,1,6
BRDA:15,3,0,6
BRDA:15,3,1,6
BRDA:22,4,0,6
BRDA:22,4,1,0
BRF:10
BRH:7
end_of_record
TN:
SF:..\Deserializers\DeserializerBase.js
FN:3,(anonymous_0)
FN:4,DeserializerBase
FNF:2
FNH:2
FNDA:2,(anonymous_0)
FNDA:12,DeserializerBase
DA:2,2
DA:3,2
DA:5,12
DA:6,12
DA:7,12
DA:9,2
DA:11,2
LF:7
LH:7
BRF:0
BRH:0
end_of_record
TN:
SF:..\Deserializers\V1Deserializer.js
FN:2,(anonymous_0)
FN:3,(anonymous_1)
FN:5,(anonymous_2)
FN:6,(anonymous_3)
FN:9,(anonymous_4)
FN:11,__
FN:17,(anonymous_6)
FN:19,V1Deserializer
FN:22,(anonymous_8)
FNF:9
FNH:7
FNDA:2,(anonymous_0)
FNDA:2,(anonymous_1)
FNDA:0,(anonymous_2)
FNDA:0,(anonymous_3)
FNDA:2,(anonymous_4)
FNDA:2,__
FNDA:2,(anonymous_6)
FNDA:6,V1Deserializer
FNDA:12,(anonymous_8)
DA:2,2
DA:3,2
DA:4,2
DA:5,0
DA:6,0
DA:7,2
DA:9,2
DA:10,2
DA:11,2
DA:12,2
DA:15,2
DA:16,2
DA:17,2
DA:18,2
DA:20,6
DA:22,2
DA:23,12
DA:24,96
DA:25,48
DA:26,12
DA:27,12
DA:28,12
DA:33,12
DA:34,120
DA:35,36
DA:36,12
DA:37,12
DA:38,12
DA:42,12
DA:43,12
DA:44,12
DA:45,12
DA:46,12
DA:48,2
DA:50,2
LF:35
LH:33
BRDA:2,0,0,2
BRDA:2,0,1,2
BRDA:2,0,2,2
BRDA:4,1,0,2
BRDA:4,1,1,0
BRDA:4,1,2,0
BRDA:4,1,3,0
BRDA:6,2,0,0
BRDA:6,2,1,0
BRDA:12,3,0,0
BRDA:12,3,1,2
BRDA:20,4,0,6
BRDA:20,4,1,6
BRDA:20,4,2,6
BRDA:24,5,0,48
BRDA:24,5,1,48
BRDA:25,6,0,12
BRDA:25,6,1,36
BRDA:25,7,0,48
BRDA:25,7,1,36
BRDA:34,8,0,36
BRDA:34,8,1,84
BRDA:35,9,0,12
BRDA:35,9,1,24
BRDA:35,10,0,36
BRDA:35,10,1,24
BRF:26
BRH:20
end_of_record
TN:
SF:..\Deserializers\V2Deserializer.js
FN:2,(anonymous_0)
FN:3,(anonymous_1)
FN:5,(anonymous_2)
FN:6,(anonymous_3)
FN:9,(anonymous_4)
FN:11,__
FN:17,(anonymous_6)
FN:19,V2Deserializer
FN:22,(anonymous_8)
FNF:9
FNH:7
FNDA:2,(anonymous_0)
FNDA:2,(anonymous_1)
FNDA:0,(anonymous_2)
FNDA:0,(anonymous_3)
FNDA:2,(anonymous_4)
FNDA:2,__
FNDA:2,(anonymous_6)
FNDA:6,V2Deserializer
FNDA:12,(anonymous_8)
DA:2,2
DA:3,2
DA:4,2
DA:5,0
DA:6,0
DA:7,2
DA:9,2
DA:10,2
DA:11,2
DA:12,2
DA:15,2
DA:16,2
DA:17,2
DA:18,2
DA:20,6
DA:22,2
DA:23,12
DA:24,96
DA:25,48
DA:26,12
DA:27,12
DA:28,12
DA:29,12
DA:34,12
DA:35,120
DA:36,36
DA:37,12
DA:38,12
DA:39,12
DA:40,12
DA:44,12
DA:45,12
DA:46,12
DA:47,12
DA:48,12
DA:49,12
DA:51,2
DA:53,2
LF:38
LH:36
BRDA:2,0,0,2
BRDA:2,0,1,2
BRDA:2,0,2,2
BRDA:4,1,0,2
BRDA:4,1,1,0
BRDA:4,1,2,0
BRDA:4,1,3,0
BRDA:6,2,0,0
BRDA:6,2,1,0
BRDA:12,3,0,0
BRDA:12,3,1,2
BRDA:20,4,0,6
BRDA:20,4,1,6
BRDA:20,4,2,6
BRDA:24,5,0,48
BRDA:24,5,1,48
BRDA:25,6,0,12
BRDA:25,6,1,36
BRDA:25,7,0,48
BRDA:25,7,1,36
BRDA:35,8,0,36
BRDA:35,8,1,84
BRDA:36,9,0,12
BRDA:36,9,1,24
BRDA:36,10,0,36
BRDA:36,10,1,24
BRF:26
BRH:20
end_of_record
TN:
SF:..\Handlers\HandlerBase.js
FN:3,(anonymous_0)
FN:4,HandlerBase
FNF:2
FNH:2
FNDA:2,(anonymous_0)
FNDA:12,HandlerBase
DA:2,2
DA:3,2
DA:6,2
DA:8,2
LF:4
LH:4
BRF:0
BRH:0
end_of_record
TN:
SF:..\Handlers\V1Handler.js
FN:2,(anonymous_0)
FN:3,(anonymous_1)
FN:5,(anonymous_2)
FN:6,(anonymous_3)
FN:9,(anonymous_4)
FN:11,__
FN:18,(anonymous_6)
FN:20,V1Handler
FN:23,(anonymous_8)
FNF:9
FNH:7
FNDA:2,(anonymous_0)
FNDA:2,(anonymous_1)
FNDA:0,(anonymous_2)
FNDA:0,(anonymous_3)
FNDA:2,(anonymous_4)
FNDA:2,__
FNDA:2,(anonymous_6)
FNDA:6,V1Handler
FNDA:6,(anonymous_8)
DA:2,2
DA:3,2
DA:4,2
DA:5,0
DA:6,0
DA:7,2
DA:9,2
DA:10,2
DA:11,2
DA:12,2
DA:15,2
DA:16,2
DA:17,2
DA:18,2
DA:19,2
DA:21,6
DA:23,2
DA:24,6
DA:25,6
DA:26,6
DA:28,2
DA:30,2
LF:22
LH:20
BRDA:2,0,0,2
BRDA:2,0,1,2
BRDA:2,0,2,2
BRDA:4,1,0,2
BRDA:4,1,1,0
BRDA:4,1,2,0
BRDA:4,1,3,0
BRDA:6,2,0,0
BRDA:6,2,1,0
BRDA:12,3,0,0
BRDA:12,3,1,2
BRDA:21,4,0,6
BRDA:21,4,1,6
BRDA:21,4,2,6
BRF:14
BRH:8
end_of_record
TN:
SF:..\Handlers\V2Handler.js
FN:2,(anonymous_0)
FN:3,(anonymous_1)
FN:5,(anonymous_2)
FN:6,(anonymous_3)
FN:9,(anonymous_4)
FN:11,__
FN:18,(anonymous_6)
FN:20,V1Handler
FN:23,(anonymous_8)
FNF:9
FNH:7
FNDA:2,(anonymous_0)
FNDA:2,(anonymous_1)
FNDA:0,(anonymous_2)
FNDA:0,(anonymous_3)
FNDA:2,(anonymous_4)
FNDA:2,__
FNDA:2,(anonymous_6)
FNDA:6,V1Handler
FNDA:6,(anonymous_8)
DA:2,2
DA:3,2
DA:4,2
DA:5,0
DA:6,0
DA:7,2
DA:9,2
DA:10,2
DA:11,2
DA:12,2
DA:15,2
DA:16,2
DA:17,2
DA:18,2
DA:19,2
DA:21,6
DA:23,2
DA:24,6
DA:25,6
DA:26,6
DA:28,2
DA:30,2
LF:22
LH:20
BRDA:2,0,0,2
BRDA:2,0,1,2
BRDA:2,0,2,2
BRDA:4,1,0,2
BRDA:4,1,1,0
BRDA:4,1,2,0
BRDA:4,1,3,0
BRDA:6,2,0,0
BRDA:6,2,1,0
BRDA:12,3,0,0
BRDA:12,3,1,2
BRDA:21,4,0,6
BRDA:21,4,1,6
BRDA:21,4,2,6
BRF:14
BRH:8
end_of_record
TN:
SF:..\Routes\Routes.js
FN:7,(anonymous_0)
FN:8,Routes
FN:16,(anonymous_2)
FN:19,(anonymous_3)
FN:22,(anonymous_4)
FN:30,(anonymous_5)
FNF:6
FNH:6
FNDA:2,(anonymous_0)
FNDA:2,Routes
FNDA:2,(anonymous_2)
FNDA:2,(anonymous_3)
FNDA:6,(anonymous_4)
FNDA:6,(anonymous_5)
DA:2,2
DA:3,2
DA:4,2
DA:5,2
DA:6,2
DA:7,2
DA:9,2
DA:10,2
DA:11,2
DA:12,2
DA:13,2
DA:14,2
DA:16,2
DA:17,2
DA:19,2
DA:20,2
DA:21,2
DA:23,6
DA:24,6
DA:25,6
DA:29,2
DA:31,6
DA:32,6
DA:33,6
DA:38,2
DA:40,2
LF:26
LH:26
BRF:0
BRH:0
end_of_record
TN:
SF:..\Routes\index.route.js
FN:5,(anonymous_0)
FN:6,IndexRoute
FN:14,(anonymous_2)
FNF:3
FNH:3
FNDA:2,(anonymous_0)
FNDA:2,IndexRoute
FNDA:2,(anonymous_2)
DA:2,2
DA:3,2
DA:4,2
DA:5,2
DA:7,2
DA:8,2
DA:9,2
DA:10,2
DA:11,2
DA:12,2
DA:14,2
DA:15,2
DA:17,2
DA:19,2
LF:14
LH:14
BRF:0
BRH:0
end_of_record
